  export_func.cpp
  file_attribute.cpp
  game_data_string_array.cpp
  game_font.cpp
  game_process.cpp
  game_window.cpp
  game_window_mode.cpp
  hook_bgm_filename.cpp
  hook_call_01_textdraw.cpp
  hook_call_02_textdraw.cpp
  hook_call_03_textdraw.cpp
  hook_call_04_textdraw.cpp
  hook_call_05_textdraw.cpp
  hook_call_06_textdraw.cpp
  hook_call_07_textdraw.cpp
  hook_call_08_textdraw.cpp
  hook_call_09_textdraw.cpp
  hook_call_10_textdraw.cpp
  hook_call_11_textdraw.cpp
  hook_call_12_textdraw.cpp
  hook_call_13_textdraw.cpp
  hook_call_13_textdraw_prev.cpp
  hook_call_13_textdraw_wrap.cpp
  hook_call_14_textdraw.cpp
  hook_call_15_textdraw.cpp
  hook_call_16_textdraw.cpp
  hook_defwindowproca_custom.cpp
  hook_functions_direct.cpp
  hook_functions_replace.cpp
  hook_movie_filename.cpp
  hook_readfile_custom_kahou.cpp
  hook_readfile_custom_kamon.cpp
  hook_readfile_custom_kao.cpp
  hook_sound_filename.cpp
  hook_textdraw.cpp
  javascript_mod.cpp
  mng_文字列変換.cpp
  onigwrap.cpp
  output_debug_stream.cpp
  .NETFramework,Version=v4.8.AssemblyAttributes.cpp
     ライブラリ C:\Users\master\source\repos\蒼天録Mod\Release\蒼天録.mod.lib とオブジェクト C:\Users\master\source\repos\蒼天録Mod\Release\蒼天録.mod.exp を作成中
  蒼天録.mod.vcxproj -> C:\Users\master\source\repos\蒼天録Mod\Release\蒼天録.mod.dll
