c:\users\master\source\repos\蒼天録mod\蒼天録.mod\release\game_font.obj
c:\users\master\source\repos\蒼天録mod\蒼天録.mod\release\hook_readfile_custom_kamon.obj
c:\users\master\source\repos\蒼天録mod\蒼天録.mod\release\hook_call_04_textdraw.obj
c:\users\master\source\repos\蒼天録mod\蒼天録.mod\release\hook_call_15_textdraw.obj
c:\users\master\source\repos\蒼天録mod\蒼天録.mod\release\.netframework,version=v4.8.assemblyattributes.obj
c:\users\master\source\repos\蒼天録mod\蒼天録.mod\release\game_window_mode.obj
c:\users\master\source\repos\蒼天録mod\蒼天録.mod\release\hook_call_13_textdraw_prev.obj
c:\users\master\source\repos\蒼天録mod\蒼天録.mod\release\hook_bgm_filename.obj
c:\users\master\source\repos\蒼天録mod\蒼天録.mod\release\hook_readfile_custom_kao.obj
c:\users\master\source\repos\蒼天録mod\蒼天録.mod\release\hook_call_02_textdraw.obj
c:\users\master\source\repos\蒼天録mod\蒼天録.mod\release\hook_movie_filename.obj
c:\users\master\source\repos\蒼天録mod\蒼天録.mod\release\export_func.obj
c:\users\master\source\repos\蒼天録mod\蒼天録.mod\release\hook_call_11_textdraw.obj
c:\users\master\source\repos\蒼天録mod\蒼天録.mod\release\javascript_mod.obj
c:\users\master\source\repos\蒼天録mod\蒼天録.mod\release\hook_call_01_textdraw.obj
c:\users\master\source\repos\蒼天録mod\蒼天録.mod\release\hook_call_13_textdraw_wrap.obj
c:\users\master\source\repos\蒼天録mod\蒼天録.mod\release\onigwrap.obj
c:\users\master\source\repos\蒼天録mod\蒼天録.mod\release\game_process.obj
c:\users\master\source\repos\蒼天録mod\蒼天録.mod\release\hook_call_10_textdraw.obj
c:\users\master\source\repos\蒼天録mod\蒼天録.mod\release\hook_textdraw.obj
c:\users\master\source\repos\蒼天録mod\蒼天録.mod\release\hook_call_07_textdraw.obj
c:\users\master\source\repos\蒼天録mod\蒼天録.mod\release\hook_call_14_textdraw.obj
c:\users\master\source\repos\蒼天録mod\蒼天録.mod\release\file_attribute.obj
c:\users\master\source\repos\蒼天録mod\蒼天録.mod\release\hook_call_12_textdraw.obj
c:\users\master\source\repos\蒼天録mod\蒼天録.mod\release\output_debug_stream.obj
c:\users\master\source\repos\蒼天録mod\蒼天録.mod\release\hook_call_05_textdraw.obj
c:\users\master\source\repos\蒼天録mod\蒼天録.mod\release\hook_call_13_textdraw.obj
c:\users\master\source\repos\蒼天録mod\蒼天録.mod\release\mng_文字列変換.obj
c:\users\master\source\repos\蒼天録mod\蒼天録.mod\release\game_data_string_array.obj
c:\users\master\source\repos\蒼天録mod\蒼天録.mod\release\hook_call_09_textdraw.obj
c:\users\master\source\repos\蒼天録mod\蒼天録.mod\release\hook_functions_replace.obj
c:\users\master\source\repos\蒼天録mod\蒼天録.mod\release\hook_call_03_textdraw.obj
c:\users\master\source\repos\蒼天録mod\蒼天録.mod\release\hook_readfile_custom_kahou.obj
c:\users\master\source\repos\蒼天録mod\蒼天録.mod\release\hook_call_08_textdraw.obj
c:\users\master\source\repos\蒼天録mod\蒼天録.mod\release\hook_functions_direct.obj
c:\users\master\source\repos\蒼天録mod\蒼天録.mod\release\hook_sound_filename.obj
c:\users\master\source\repos\蒼天録mod\蒼天録.mod\release\hook_call_06_textdraw.obj
c:\users\master\source\repos\蒼天録mod\蒼天録.mod\release\hook_call_16_textdraw.obj
c:\users\master\source\repos\蒼天録mod\蒼天録.mod\release\game_window.obj
c:\users\master\source\repos\蒼天録mod\蒼天録.mod\release\hook_defwindowproca_custom.obj
c:\users\master\source\repos\蒼天録mod\蒼天録.mod\release\vc143.pdb
c:\users\master\source\repos\蒼天録mod\release\蒼天録.mod.dll
c:\users\master\source\repos\蒼天録mod\蒼天録.mod\release\resource.res
c:\users\master\source\repos\蒼天録mod\release\蒼天録.mod.lib
c:\users\master\source\repos\蒼天録mod\release\蒼天録.mod.exp
c:\users\master\source\repos\蒼天録mod\蒼天録.mod\release\蒼天録.mod.tlog\cl.command.1.tlog
c:\users\master\source\repos\蒼天録mod\蒼天録.mod\release\蒼天録.mod.tlog\cl.items.tlog
c:\users\master\source\repos\蒼天録mod\蒼天録.mod\release\蒼天録.mod.tlog\cl.read.1.tlog
c:\users\master\source\repos\蒼天録mod\蒼天録.mod\release\蒼天録.mod.tlog\cl.write.1.tlog
c:\users\master\source\repos\蒼天録mod\蒼天録.mod\release\蒼天録.mod.tlog\link.command.1.tlog
c:\users\master\source\repos\蒼天録mod\蒼天録.mod\release\蒼天録.mod.tlog\link.read.1.tlog
c:\users\master\source\repos\蒼天録mod\蒼天録.mod\release\蒼天録.mod.tlog\link.secondary.1.tlog
c:\users\master\source\repos\蒼天録mod\蒼天録.mod\release\蒼天録.mod.tlog\link.write.1.tlog
c:\users\master\source\repos\蒼天録mod\蒼天録.mod\release\蒼天録.mod.tlog\metagen.read.1.tlog
c:\users\master\source\repos\蒼天録mod\蒼天録.mod\release\蒼天録.mod.tlog\metagen.write.1.tlog
c:\users\master\source\repos\蒼天録mod\蒼天録.mod\release\蒼天録.mod.tlog\rc.command.1.tlog
c:\users\master\source\repos\蒼天録mod\蒼天録.mod\release\蒼天録.mod.tlog\rc.read.1.tlog
c:\users\master\source\repos\蒼天録mod\蒼天録.mod\release\蒼天録.mod.tlog\rc.write.1.tlog
