c:\users\master\source\repos\蒼天録mod\ddraw\release (super)\vc143.pdb
c:\users\master\source\repos\蒼天録mod\ddraw\release (super)\process.obj
c:\users\master\source\repos\蒼天録mod\ddraw\release (super)\output_debug_stream.obj
c:\users\master\source\repos\蒼天録mod\ddraw\release (super)\ddraw.obj
c:\users\master\source\repos\蒼天録mod\release (super)\ddraw.dll
c:\users\master\source\repos\蒼天録mod\ddraw\release (super)\ddraw.ipdb
c:\users\master\source\repos\蒼天録mod\ddraw\release (super)\ddraw.iobj
c:\users\master\source\repos\蒼天録mod\release (super)\ddraw.lib
c:\users\master\source\repos\蒼天録mod\release (super)\ddraw.exp
c:\users\master\source\repos\蒼天録mod\ddraw\release (super)\resource.res
c:\users\master\source\repos\蒼天録mod\ddraw\release (super)\ddraw.tlog\cl.command.1.tlog
c:\users\master\source\repos\蒼天録mod\ddraw\release (super)\ddraw.tlog\cl.items.tlog
c:\users\master\source\repos\蒼天録mod\ddraw\release (super)\ddraw.tlog\cl.read.1.tlog
c:\users\master\source\repos\蒼天録mod\ddraw\release (super)\ddraw.tlog\cl.write.1.tlog
c:\users\master\source\repos\蒼天録mod\ddraw\release (super)\ddraw.tlog\link.command.1.tlog
c:\users\master\source\repos\蒼天録mod\ddraw\release (super)\ddraw.tlog\link.read.1.tlog
c:\users\master\source\repos\蒼天録mod\ddraw\release (super)\ddraw.tlog\link.write.1.tlog
c:\users\master\source\repos\蒼天録mod\ddraw\release (super)\ddraw.tlog\link.write.2u.tlog
c:\users\master\source\repos\蒼天録mod\ddraw\release (super)\ddraw.tlog\rc.command.1.tlog
c:\users\master\source\repos\蒼天録mod\ddraw\release (super)\ddraw.tlog\rc.read.1.tlog
c:\users\master\source\repos\蒼天録mod\ddraw\release (super)\ddraw.tlog\rc.write.1.tlog
