c:\users\master\source\repos\蒼天録mod\蒼天録.mod\release (super)\export_func.obj
c:\users\master\source\repos\蒼天録mod\蒼天録.mod\release (super)\hook_call_15_textdraw.obj
c:\users\master\source\repos\蒼天録mod\蒼天録.mod\release (super)\hook_call_04_textdraw.obj
c:\users\master\source\repos\蒼天録mod\蒼天録.mod\release (super)\hook_functions_replace.obj
c:\users\master\source\repos\蒼天録mod\蒼天録.mod\release (super)\hook_call_08_textdraw.obj
c:\users\master\source\repos\蒼天録mod\蒼天録.mod\release (super)\hook_call_13_textdraw_prev.obj
c:\users\master\source\repos\蒼天録mod\蒼天録.mod\release (super)\hook_call_01_textdraw.obj
c:\users\master\source\repos\蒼天録mod\蒼天録.mod\release (super)\hook_call_13_textdraw.obj
c:\users\master\source\repos\蒼天録mod\蒼天録.mod\release (super)\game_data_string_array.obj
c:\users\master\source\repos\蒼天録mod\蒼天録.mod\release (super)\hook_call_10_textdraw.obj
c:\users\master\source\repos\蒼天録mod\蒼天録.mod\release (super)\hook_functions_direct.obj
c:\users\master\source\repos\蒼天録mod\蒼天録.mod\release (super)\hook_textdraw.obj
c:\users\master\source\repos\蒼天録mod\蒼天録.mod\release (super)\hook_call_09_textdraw.obj
c:\users\master\source\repos\蒼天録mod\蒼天録.mod\release (super)\hook_call_16_textdraw.obj
c:\users\master\source\repos\蒼天録mod\蒼天録.mod\release (super)\hook_call_06_textdraw.obj
c:\users\master\source\repos\蒼天録mod\蒼天録.mod\release (super)\hook_readfile_custom_kahou.obj
c:\users\master\source\repos\蒼天録mod\蒼天録.mod\release (super)\hook_call_02_textdraw.obj
c:\users\master\source\repos\蒼天録mod\蒼天録.mod\release (super)\hook_call_14_textdraw.obj
c:\users\master\source\repos\蒼天録mod\蒼天録.mod\release (super)\output_debug_stream.obj
c:\users\master\source\repos\蒼天録mod\蒼天録.mod\release (super)\game_window.obj
c:\users\master\source\repos\蒼天録mod\蒼天録.mod\release (super)\hook_defwindowproca_custom.obj
c:\users\master\source\repos\蒼天録mod\蒼天録.mod\release (super)\hook_bgm_filename.obj
c:\users\master\source\repos\蒼天録mod\蒼天録.mod\release (super)\javascript_mod.obj
c:\users\master\source\repos\蒼天録mod\蒼天録.mod\release (super)\hook_call_05_textdraw.obj
c:\users\master\source\repos\蒼天録mod\蒼天録.mod\release (super)\hook_sound_filename.obj
c:\users\master\source\repos\蒼天録mod\蒼天録.mod\release (super)\game_process.obj
c:\users\master\source\repos\蒼天録mod\蒼天録.mod\release (super)\hook_call_11_textdraw.obj
c:\users\master\source\repos\蒼天録mod\蒼天録.mod\release (super)\mng_文字列変換.obj
c:\users\master\source\repos\蒼天録mod\蒼天録.mod\release (super)\hook_call_07_textdraw.obj
c:\users\master\source\repos\蒼天録mod\蒼天録.mod\release (super)\hook_call_12_textdraw.obj
c:\users\master\source\repos\蒼天録mod\蒼天録.mod\release (super)\.netframework,version=v4.8.assemblyattributes.obj
c:\users\master\source\repos\蒼天録mod\蒼天録.mod\release (super)\hook_call_03_textdraw.obj
c:\users\master\source\repos\蒼天録mod\蒼天録.mod\release (super)\hook_movie_filename.obj
c:\users\master\source\repos\蒼天録mod\蒼天録.mod\release (super)\game_font.obj
c:\users\master\source\repos\蒼天録mod\蒼天録.mod\release (super)\hook_readfile_custom_kao.obj
c:\users\master\source\repos\蒼天録mod\蒼天録.mod\release (super)\file_attribute.obj
c:\users\master\source\repos\蒼天録mod\蒼天録.mod\release (super)\hook_call_13_textdraw_wrap.obj
c:\users\master\source\repos\蒼天録mod\蒼天録.mod\release (super)\onigwrap.obj
c:\users\master\source\repos\蒼天録mod\蒼天録.mod\release (super)\vc143.pdb
c:\users\master\source\repos\蒼天録mod\release (super)\javascript.mod.dll
c:\users\master\source\repos\蒼天録mod\release (super)\clearscript.v8.dll
c:\users\master\source\repos\蒼天録mod\release (super)\clearscript.core.dll
c:\users\master\source\repos\蒼天録mod\release (super)\javascript.mod.pdb
c:\users\master\source\repos\蒼天録mod\release (super)\蒼天録.mod.dll
c:\users\master\source\repos\蒼天録mod\release (super)\蒼天録.mod.lib
c:\users\master\source\repos\蒼天録mod\release (super)\蒼天録.mod.exp
c:\users\master\source\repos\蒼天録mod\蒼天録.mod\release (super)\resource.res
c:\users\master\source\repos\蒼天録mod\蒼天録.mod\release (super)\蒼天録.mod.tlog\cl.command.1.tlog
c:\users\master\source\repos\蒼天録mod\蒼天録.mod\release (super)\蒼天録.mod.tlog\cl.items.tlog
c:\users\master\source\repos\蒼天録mod\蒼天録.mod\release (super)\蒼天録.mod.tlog\cl.read.1.tlog
c:\users\master\source\repos\蒼天録mod\蒼天録.mod\release (super)\蒼天録.mod.tlog\cl.write.1.tlog
c:\users\master\source\repos\蒼天録mod\蒼天録.mod\release (super)\蒼天録.mod.tlog\copylocal.read.1u.tlog
c:\users\master\source\repos\蒼天録mod\蒼天録.mod\release (super)\蒼天録.mod.tlog\copylocal.write.1u.tlog
c:\users\master\source\repos\蒼天録mod\蒼天録.mod\release (super)\蒼天録.mod.tlog\link.command.1.tlog
c:\users\master\source\repos\蒼天録mod\蒼天録.mod\release (super)\蒼天録.mod.tlog\link.read.1.tlog
c:\users\master\source\repos\蒼天録mod\蒼天録.mod\release (super)\蒼天録.mod.tlog\link.write.1.tlog
c:\users\master\source\repos\蒼天録mod\蒼天録.mod\release (super)\蒼天録.mod.tlog\link.write.2u.tlog
c:\users\master\source\repos\蒼天録mod\蒼天録.mod\release (super)\蒼天録.mod.tlog\metagen.read.1.tlog
c:\users\master\source\repos\蒼天録mod\蒼天録.mod\release (super)\蒼天録.mod.tlog\metagen.write.1.tlog
c:\users\master\source\repos\蒼天録mod\蒼天録.mod\release (super)\蒼天録.mod.tlog\rc.command.1.tlog
c:\users\master\source\repos\蒼天録mod\蒼天録.mod\release (super)\蒼天録.mod.tlog\rc.read.1.tlog
c:\users\master\source\repos\蒼天録mod\蒼天録.mod\release (super)\蒼天録.mod.tlog\rc.write.1.tlog
