c:\users\master\source\repos\蒼天録mod\ddraw\release\vc143.pdb
c:\users\master\source\repos\蒼天録mod\ddraw\release\process.obj
c:\users\master\source\repos\蒼天録mod\ddraw\release\output_debug_stream.obj
c:\users\master\source\repos\蒼天録mod\ddraw\release\ddraw.obj
c:\users\master\source\repos\蒼天録mod\release\ddraw.dll
c:\users\master\source\repos\蒼天録mod\ddraw\release\ddraw.ipdb
c:\users\master\source\repos\蒼天録mod\ddraw\release\ddraw.iobj
c:\users\master\source\repos\蒼天録mod\release\ddraw.lib
c:\users\master\source\repos\蒼天録mod\release\ddraw.exp
c:\users\master\source\repos\蒼天録mod\ddraw\release\resource.res
c:\users\master\source\repos\蒼天録mod\ddraw\release\ddraw.tlog\cl.command.1.tlog
c:\users\master\source\repos\蒼天録mod\ddraw\release\ddraw.tlog\cl.items.tlog
c:\users\master\source\repos\蒼天録mod\ddraw\release\ddraw.tlog\cl.read.1.tlog
c:\users\master\source\repos\蒼天録mod\ddraw\release\ddraw.tlog\cl.write.1.tlog
c:\users\master\source\repos\蒼天録mod\ddraw\release\ddraw.tlog\link.command.1.tlog
c:\users\master\source\repos\蒼天録mod\ddraw\release\ddraw.tlog\link.read.1.tlog
c:\users\master\source\repos\蒼天録mod\ddraw\release\ddraw.tlog\link.write.1.tlog
c:\users\master\source\repos\蒼天録mod\ddraw\release\ddraw.tlog\link.write.2u.tlog
c:\users\master\source\repos\蒼天録mod\ddraw\release\ddraw.tlog\rc.command.1.tlog
c:\users\master\source\repos\蒼天録mod\ddraw\release\ddraw.tlog\rc.read.1.tlog
c:\users\master\source\repos\蒼天録mod\ddraw\release\ddraw.tlog\rc.write.1.tlog
